<?xml version="1.0" encoding="UTF-8"?>
<testsuites name="jest tests" tests="4" failures="1" errors="0" time="13.056">
  <testsuite name="Coupon App" errors="0" failures="1" skipped="0" timestamp="2021-06-04T18:01:00" time="8.001" tests="4">
    <testcase classname="Coupon App As I User I want to see my monthly spend" name="Coupon App As I User I want to see my monthly spend" time="0.007">
      <failure>Error: expect(received).toBe(expected) // Object.is equality

Expected: true
Received: false
    at Object.stepFunction (C:\Repos\CouponCaculator\src\Tests\App.steps.tsx:21:38)
    at C:\Repos\CouponCaculator\node_modules\jest-cucumber\src\feature-definition-creation.ts:134:65
    at processTicksAndRejections (internal/process/task_queues.js:97:5)</failure>
    </testcase>
    <testcase classname="Coupon App As I User I want to refine the results by cutomer spend" name="Coupon App As I User I want to refine the results by cutomer spend" time="0">
    </testcase>
    <testcase classname="Coupon App As I User I want to refine the results by Gender" name="Coupon App As I User I want to refine the results by Gender" time="0">
    </testcase>
    <testcase classname="Coupon App As I User I want to refine the results by Region" name="Coupon App As I User I want to refine the results by Region" time="0">
    </testcase>
  </testsuite>
</testsuites>